==30942== Memcheck, a memory error detector
==30942== Copyright (C) 2002-2017, and GNU GPL'd, by Julian Seward et al.
==30942== Using Valgrind-3.16.1 and LibVEX; rerun with -h for copyright info
==30942== Command: ./a.out
==30942== Parent PID: 30504
==30942== 
==30942== 
==30942== HEAP SUMMARY:
==30942==     in use at exit: 1 bytes in 1 blocks
==30942==   total heap usage: 2 allocs, 1 frees, 305 bytes allocated
==30942== 
==30942== 1 bytes in 1 blocks are definitely lost in loss record 1 of 1
==30942==    at 0x4A06565: operator new(unsigned long) (vg_replace_malloc.c:342)
==30942==    by 0x400D0E: TLS init function for stu (in /da1/test/practice/excerpt/a.out)
==30942==    by 0x400DB2: TLS wrapper function for stu (in /da1/test/practice/excerpt/a.out)
==30942==    by 0x400C18: foo(void*) (in /da1/test/practice/excerpt/a.out)
==30942==    by 0x3E0D8079D0: start_thread (in /lib64/libpthread-2.12.so)
==30942==    by 0x3E0D4E8B5C: clone (in /lib64/libc-2.12.so)
==30942== 
==30942== LEAK SUMMARY:
==30942==    definitely lost: 1 bytes in 1 blocks
==30942==    indirectly lost: 0 bytes in 0 blocks
==30942==      possibly lost: 0 bytes in 0 blocks
==30942==    still reachable: 0 bytes in 0 blocks
==30942==         suppressed: 0 bytes in 0 blocks
==30942== 
==30942== For lists of detected and suppressed errors, rerun with: -s
==30942== ERROR SUMMARY: 1 errors from 1 contexts (suppressed: 4 from 4)
